<?xml version="1.0" encoding="UTF-8"?>
<testng-results ignored="0" total="1" passed="1" failed="0" skipped="0">
  <reporter-output>
    <line>
      <![CDATA[Default text is ]]>
    </line>
    <line>
      <![CDATA[size is 11]]>
    </line>
    <line>
      <![CDATA[JavaScript Tutorial]]>
    </line>
  </reporter-output>
  <suite started-at="2021-09-27T18:33:14 IST" name="Automation Testing of W3School" finished-at="2021-09-27T18:35:31 IST" duration-ms="136810">
    <groups>
    </groups>
    <test started-at="2021-09-27T18:33:14 IST" name="Functional Testing" finished-at="2021-09-27T18:35:31 IST" duration-ms="136810">
      <class name="com.qa.testscripts.TC_W3SchoolAutomation_001">
        <test-method is-config="true" signature="setUp(java.lang.String, java.lang.String)[pri:0, instance:com.qa.testscripts.TC_W3SchoolAutomation_001@589b3632]" started-at="2021-09-27T18:33:14 IST" name="setUp" finished-at="2021-09-27T18:33:59 IST" duration-ms="45643" status="PASS">
          <params>
            <param index="0">
              <value>
                <![CDATA[chrome]]>
              </value>
            </param>
            <param index="1">
              <value>
                <![CDATA[https://www.w3schools.com/]]>
              </value>
            </param>
          </params>
          <reporter-output>
          </reporter-output>
        </test-method> <!-- setUp -->
        <test-method signature="framesAndAlertDemo()[pri:0, instance:com.qa.testscripts.TC_W3SchoolAutomation_001@589b3632]" started-at="2021-09-27T18:34:00 IST" name="framesAndAlertDemo" finished-at="2021-09-27T18:35:17 IST" duration-ms="77410" status="PASS">
          <reporter-output>
            <line>
              <![CDATA[Default text is ]]>
            </line>
            <line>
              <![CDATA[size is 11]]>
            </line>
            <line>
              <![CDATA[JavaScript Tutorial]]>
            </line>
          </reporter-output>
        </test-method> <!-- framesAndAlertDemo -->
        <test-method is-config="true" signature="tearDown()[pri:0, instance:com.qa.testscripts.TC_W3SchoolAutomation_001@589b3632]" started-at="2021-09-27T18:35:17 IST" name="tearDown" finished-at="2021-09-27T18:35:31 IST" duration-ms="13503" status="PASS">
          <reporter-output>
          </reporter-output>
        </test-method> <!-- tearDown -->
      </class> <!-- com.qa.testscripts.TC_W3SchoolAutomation_001 -->
    </test> <!-- Functional Testing -->
  </suite> <!-- Automation Testing of W3School -->
</testng-results>
