<?xml version="1.0" encoding="UTF-8"?>
<testng-results ignored="0" total="1" passed="1" failed="0" skipped="0">
  <reporter-output>
    <line>
      <![CDATA[Default text is ]]>
    </line>
    <line>
      <![CDATA[size is 11]]>
    </line>
    <line>
      <![CDATA[pass]]>
    </line>
  </reporter-output>
  <suite started-at="2021-09-27T17:48:26 IST" name="Automation Testing of W3School" finished-at="2021-09-27T17:49:06 IST" duration-ms="39608">
    <groups>
    </groups>
    <test started-at="2021-09-27T17:48:26 IST" name="Functional Testing" finished-at="2021-09-27T17:49:06 IST" duration-ms="39608">
      <class name="com.qa.testscripts.TC_W3SchoolAutomation_001">
        <test-method is-config="true" signature="setUp(java.lang.String,java.lang.String)[pri:0, instance:com.qa.testscripts.TC_W3SchoolAutomation_001@4de4b452]" started-at="2021-09-27T17:48:26 IST" name="setUp" finished-at="2021-09-27T17:48:46 IST" duration-ms="19565" status="PASS">
          <params>
            <param index="0">
              <value>
                <![CDATA[chrome]]>
              </value>
            </param>
            <param index="1">
              <value>
                <![CDATA[https://www.w3schools.com/]]>
              </value>
            </param>
          </params>
          <reporter-output>
          </reporter-output>
        </test-method> <!-- setUp -->
        <test-method signature="framesAndAlertDemo()[pri:0, instance:com.qa.testscripts.TC_W3SchoolAutomation_001@4de4b452]" started-at="2021-09-27T17:48:46 IST" name="framesAndAlertDemo" finished-at="2021-09-27T17:49:04 IST" duration-ms="17861" status="PASS">
          <reporter-output>
            <line>
              <![CDATA[Default text is ]]>
            </line>
            <line>
              <![CDATA[size is 11]]>
            </line>
            <line>
              <![CDATA[pass]]>
            </line>
          </reporter-output>
        </test-method> <!-- framesAndAlertDemo -->
        <test-method is-config="true" signature="tearDown()[pri:0, instance:com.qa.testscripts.TC_W3SchoolAutomation_001@4de4b452]" started-at="2021-09-27T17:49:04 IST" name="tearDown" finished-at="2021-09-27T17:49:06 IST" duration-ms="2114" status="PASS">
          <reporter-output>
          </reporter-output>
        </test-method> <!-- tearDown -->
      </class> <!-- com.qa.testscripts.TC_W3SchoolAutomation_001 -->
    </test> <!-- Functional Testing -->
  </suite> <!-- Automation Testing of W3School -->
</testng-results>
